[31m[Nest] 14652  - [39m22/03/2026, 7:09:04 p. m. [31m  ERROR[39m [38;5;3m[NestApplication] [39m[31mError: listen EADDRINUSE: address already in use :::3001[39m[38;5;3m +0ms[39m
node:net:1948
    const ex = new UVExceptionWithHostPort(err, 'listen', address, port);
               ^

Error: listen EADDRINUSE: address already in use :::3001
    at Server.setupListenHandle [as _listen2] (node:net:1948:16)
    at listenInCluster (node:net:2005:12)
    at Server.listen (node:net:2110:7)
    at ExpressAdapter.listen (C:\Users\ANDREE\Documents\orbix-agent\node_modules\.pnpm\@nestjs+platform-express@11_5b45c27d2d5cd4008635d7098306551d\node_modules\@nestjs\platform-express\adapters\express-adapter.js:127:32)
    at C:\Users\ANDREE\Documents\orbix-agent\node_modules\.pnpm\@nestjs+core@11.1.15_@nestj_8c8cc0e05fb3be79ea3df9108f221a2c\node_modules\@nestjs\core\nest-application.js:188:30
    at new Promise (<anonymous>)
    at NestApplication.listen (C:\Users\ANDREE\Documents\orbix-agent\node_modules\.pnpm\@nestjs+core@11.1.15_@nestj_8c8cc0e05fb3be79ea3df9108f221a2c\node_modules\@nestjs\core\nest-application.js:178:16)
    at process.processTicksAndRejections (node:internal/process/task_queues:104:5)
    at async bootstrap (C:\Users\ANDREE\Documents\orbix-agent\src\main.ts:41:3) {
  code: 'EADDRINUSE',
  errno: -4091,
  syscall: 'listen',
  address: '::',
  port: 3001
}

Node.js v24.14.0
